[ 2017-07-08T12:08:43+08:00 ] 127.0.0.1 /admin.php?s=user/test
INFO: [ app_init ] --START--
INFO: Run Behavior\BuildLiteBehavior [ RunTime:0.000000s ]
INFO: Run Common\Behavior\InitHookBehavior [ RunTime:0.012001s ]
INFO: [ app_init ] --END-- [ RunTime:0.015001s ]
INFO: [ app_begin ] --START--
INFO: Run Behavior\ReadHtmlCacheBehavior [ RunTime:0.003000s ]
INFO: [ app_begin ] --END-- [ RunTime:0.003000s ]

[ 2017-07-08T12:08:43+08:00 ] 127.0.0.1 /admin.php?s=/Public/login.html
INFO: [ app_init ] --START--
INFO: Run Behavior\BuildLiteBehavior [ RunTime:0.000000s ]
INFO: Run Common\Behavior\InitHookBehavior [ RunTime:0.006000s ]
INFO: [ app_init ] --END-- [ RunTime:0.007000s ]
INFO: [ app_begin ] --START--
INFO: Run Behavior\ReadHtmlCacheBehavior [ RunTime:0.002000s ]
INFO: [ app_begin ] --END-- [ RunTime:0.002000s ]
SQL: SHOW COLUMNS FROM `config` [ RunTime:0.0130s ]
SQL: SELECT `type`,`name`,`value` FROM `config` WHERE `status` = 1  [ RunTime:0.0020s ]

[ 2017-07-08T12:08:43+08:00 ] 127.0.0.1 /admin.php?s=/Public/verify.html
INFO: [ app_init ] --START--
INFO: Run Behavior\BuildLiteBehavior [ RunTime:0.000000s ]
INFO: Run Common\Behavior\InitHookBehavior [ RunTime:0.022001s ]
INFO: [ app_init ] --END-- [ RunTime:0.024001s ]
INFO: [ app_begin ] --START--
INFO: Run Behavior\ReadHtmlCacheBehavior [ RunTime:0.007000s ]
INFO: [ app_begin ] --END-- [ RunTime:0.008000s ]
INFO: [ app_end ] --START--
INFO: Run Behavior\ShowPageTraceBehavior [ RunTime:0.003000s ]
INFO: [ app_end ] --END-- [ RunTime:0.004000s ]

[ 2017-07-08T12:09:12+08:00 ] 127.0.0.1 /admin.php?s=/Home/test.html
INFO: [ app_init ] --START--
INFO: Run Behavior\BuildLiteBehavior [ RunTime:0.000000s ]
INFO: Run Common\Behavior\InitHookBehavior [ RunTime:0.013001s ]
INFO: [ app_init ] --END-- [ RunTime:0.015001s ]
INFO: [ app_begin ] --START--
INFO: Run Behavior\ReadHtmlCacheBehavior [ RunTime:0.003000s ]
INFO: [ app_begin ] --END-- [ RunTime:0.003000s ]
ERR: 无法加载控制器:Home

[ 2017-07-08T12:52:27+08:00 ] 127.0.0.1 /admin.php
INFO: [ app_init ] --START--
INFO: Run Behavior\BuildLiteBehavior [ RunTime:0.000000s ]
INFO: Run Common\Behavior\InitHookBehavior [ RunTime:0.009001s ]
INFO: [ app_init ] --END-- [ RunTime:0.011001s ]
INFO: [ app_begin ] --START--
INFO: Run Behavior\ReadHtmlCacheBehavior [ RunTime:0.002000s ]
INFO: [ app_begin ] --END-- [ RunTime:0.003000s ]

[ 2017-07-08T12:52:27+08:00 ] 127.0.0.1 /admin.php?s=/Public/login.html
INFO: [ app_init ] --START--
INFO: Run Behavior\BuildLiteBehavior [ RunTime:0.000000s ]
INFO: Run Common\Behavior\InitHookBehavior [ RunTime:0.007000s ]
INFO: [ app_init ] --END-- [ RunTime:0.009000s ]
INFO: [ app_begin ] --START--
INFO: Run Behavior\ReadHtmlCacheBehavior [ RunTime:0.002000s ]
INFO: [ app_begin ] --END-- [ RunTime:0.002000s ]

[ 2017-07-08T12:52:28+08:00 ] 127.0.0.1 /admin.php?s=/Public/verify.html
INFO: [ app_init ] --START--
INFO: Run Behavior\BuildLiteBehavior [ RunTime:0.000000s ]
INFO: Run Common\Behavior\InitHookBehavior [ RunTime:0.008001s ]
INFO: [ app_init ] --END-- [ RunTime:0.009001s ]
INFO: [ app_begin ] --START--
INFO: Run Behavior\ReadHtmlCacheBehavior [ RunTime:0.002000s ]
INFO: [ app_begin ] --END-- [ RunTime:0.004000s ]
INFO: [ app_end ] --START--
INFO: Run Behavior\ShowPageTraceBehavior [ RunTime:0.010001s ]
INFO: [ app_end ] --END-- [ RunTime:0.010001s ]

[ 2017-07-08T12:52:36+08:00 ] 127.0.0.1 /admin.php?s=/Public/verify.html&random=0.2964912279860563
INFO: [ app_init ] --START--
INFO: Run Behavior\BuildLiteBehavior [ RunTime:0.000000s ]
INFO: Run Common\Behavior\InitHookBehavior [ RunTime:0.006000s ]
INFO: [ app_init ] --END-- [ RunTime:0.008000s ]
INFO: [ app_begin ] --START--
INFO: Run Behavior\ReadHtmlCacheBehavior [ RunTime:0.002000s ]
INFO: [ app_begin ] --END-- [ RunTime:0.002000s ]
INFO: [ app_end ] --START--
INFO: Run Behavior\ShowPageTraceBehavior [ RunTime:0.003000s ]
INFO: [ app_end ] --END-- [ RunTime:0.003000s ]

[ 2017-07-08T12:52:45+08:00 ] 127.0.0.1 /admin.php?s=/Public/login.html
INFO: [ app_init ] --START--
INFO: Run Behavior\BuildLiteBehavior [ RunTime:0.000000s ]
INFO: Run Common\Behavior\InitHookBehavior [ RunTime:0.009001s ]
INFO: [ app_init ] --END-- [ RunTime:0.011001s ]
INFO: [ app_begin ] --START--
INFO: Run Behavior\ReadHtmlCacheBehavior [ RunTime:0.002001s ]
INFO: [ app_begin ] --END-- [ RunTime:0.002001s ]
SQL: SHOW COLUMNS FROM `member` [ RunTime:0.0160s ]
SQL: SELECT `uid`,`nickname`,`sex`,`birthday`,`qq`,`score`,`login`,`reg_ip`,`reg_time`,`last_login_ip`,`last_login_time`,`status` FROM `member` WHERE `uid` = 1 LIMIT 1   [ RunTime:0.0010s ]
SQL: SHOW COLUMNS FROM `action` [ RunTime:0.0140s ]
SQL: SELECT * FROM `action` WHERE `name` = 'user_login' LIMIT 1   [ RunTime:0.0010s ]
SQL: SHOW COLUMNS FROM `action_log` [ RunTime:0.0160s ]
SQL: INSERT INTO `action_log` (`action_id`,`user_id`,`action_ip`,`model`,`record_id`,`create_time`,`remark`) VALUES ('1','1','2130706433','member','1','1499489565','stefan在2017-07-08 12:52登录了后台') [ RunTime:0.0020s ]
SQL: SELECT * FROM `action` WHERE `name` = 'user_login' LIMIT 1   [ RunTime:0.0020s ]
NOTIC: [8] Undefined offset: 1 D:\2017PHP\software\onethink\wwwroot\Application\Common\Common\function.php 第 679 行.
NOTIC: [2] array_key_exists() expects parameter 2 to be array, null given D:\2017PHP\software\onethink\wwwroot\Application\Common\Common\function.php 第 679 行.
SQL: SELECT COUNT(*) AS tp_count FROM `action_log` WHERE `action_id` = 1 AND `user_id` = 1 AND `create_time` > 1499403165 LIMIT 1   [ RunTime:0.0020s ]
SQL: UPDATE `member` SET `login`=`login`+1,`last_login_time`='1499489565',`last_login_ip`='2130706433' WHERE `uid` = 1 [ RunTime:0.0010s ]

[ 2017-07-08T12:52:47+08:00 ] 127.0.0.1 /admin.php?s=/Index/index.html
INFO: [ app_init ] --START--
INFO: Run Behavior\BuildLiteBehavior [ RunTime:0.000000s ]
INFO: Run Common\Behavior\InitHookBehavior [ RunTime:0.008000s ]
INFO: [ app_init ] --END-- [ RunTime:0.009000s ]
INFO: [ app_begin ] --START--
INFO: Run Behavior\ReadHtmlCacheBehavior [ RunTime:0.003000s ]
INFO: [ app_begin ] --END-- [ RunTime:0.003000s ]

[ 2017-07-08T12:52:54+08:00 ] 127.0.0.1 /admin.php?s=/Center/index.html
INFO: [ app_init ] --START--
INFO: Run Behavior\BuildLiteBehavior [ RunTime:0.000000s ]
INFO: Run Common\Behavior\InitHookBehavior [ RunTime:0.010000s ]
INFO: [ app_init ] --END-- [ RunTime:0.012000s ]
INFO: [ app_begin ] --START--
INFO: Run Behavior\ReadHtmlCacheBehavior [ RunTime:0.003000s ]
INFO: [ app_begin ] --END-- [ RunTime:0.003000s ]

[ 2017-07-08T14:18:04+08:00 ] 127.0.0.1 /admin.php?s=/Article/index.html
INFO: [ app_init ] --START--
INFO: Run Behavior\BuildLiteBehavior [ RunTime:0.000000s ]
INFO: Run Common\Behavior\InitHookBehavior [ RunTime:0.010001s ]
INFO: [ app_init ] --END-- [ RunTime:0.012001s ]
INFO: [ app_begin ] --START--
INFO: Run Behavior\ReadHtmlCacheBehavior [ RunTime:0.006001s ]
INFO: [ app_begin ] --END-- [ RunTime:0.006001s ]

[ 2017-07-08T14:18:04+08:00 ] 127.0.0.1 /admin.php?s=/Public/login.html
INFO: [ app_init ] --START--
INFO: Run Behavior\BuildLiteBehavior [ RunTime:0.001000s ]
INFO: Run Common\Behavior\InitHookBehavior [ RunTime:0.007000s ]
INFO: [ app_init ] --END-- [ RunTime:0.009000s ]
INFO: [ app_begin ] --START--
INFO: Run Behavior\ReadHtmlCacheBehavior [ RunTime:0.002000s ]
INFO: [ app_begin ] --END-- [ RunTime:0.002000s ]

[ 2017-07-08T14:18:05+08:00 ] 127.0.0.1 /admin.php?s=/Public/verify.html
INFO: [ app_init ] --START--
INFO: Run Behavior\BuildLiteBehavior [ RunTime:0.001000s ]
INFO: Run Common\Behavior\InitHookBehavior [ RunTime:0.006000s ]
INFO: [ app_init ] --END-- [ RunTime:0.009000s ]
INFO: [ app_begin ] --START--
INFO: Run Behavior\ReadHtmlCacheBehavior [ RunTime:0.003000s ]
INFO: [ app_begin ] --END-- [ RunTime:0.003000s ]
INFO: [ app_end ] --START--
INFO: Run Behavior\ShowPageTraceBehavior [ RunTime:0.003000s ]
INFO: [ app_end ] --END-- [ RunTime:0.003000s ]

[ 2017-07-08T14:18:17+08:00 ] 127.0.0.1 /admin.php?s=/Public/login.html
INFO: [ app_init ] --START--
INFO: Run Behavior\BuildLiteBehavior [ RunTime:0.000000s ]
INFO: Run Common\Behavior\InitHookBehavior [ RunTime:0.007001s ]
INFO: [ app_init ] --END-- [ RunTime:0.009001s ]
INFO: [ app_begin ] --START--
INFO: Run Behavior\ReadHtmlCacheBehavior [ RunTime:0.002000s ]
INFO: [ app_begin ] --END-- [ RunTime:0.003000s ]
SQL: SHOW COLUMNS FROM `member` [ RunTime:0.0170s ]
SQL: SELECT `uid`,`nickname`,`sex`,`birthday`,`qq`,`score`,`login`,`reg_ip`,`reg_time`,`last_login_ip`,`last_login_time`,`status` FROM `member` WHERE `uid` = 1 LIMIT 1   [ RunTime:0.0020s ]
SQL: SHOW COLUMNS FROM `action` [ RunTime:0.0150s ]
SQL: SELECT * FROM `action` WHERE `name` = 'user_login' LIMIT 1   [ RunTime:0.0010s ]
SQL: SHOW COLUMNS FROM `action_log` [ RunTime:0.0140s ]
SQL: INSERT INTO `action_log` (`action_id`,`user_id`,`action_ip`,`model`,`record_id`,`create_time`,`remark`) VALUES ('1','1','2130706433','member','1','1499494697','stefan在2017-07-08 14:18登录了后台') [ RunTime:0.0010s ]
SQL: SELECT * FROM `action` WHERE `name` = 'user_login' LIMIT 1   [ RunTime:0.0010s ]
NOTIC: [8] Undefined offset: 1 D:\2017PHP\software\onethink\wwwroot\Application\Common\Common\function.php 第 679 行.
NOTIC: [2] array_key_exists() expects parameter 2 to be array, null given D:\2017PHP\software\onethink\wwwroot\Application\Common\Common\function.php 第 679 行.
SQL: SELECT COUNT(*) AS tp_count FROM `action_log` WHERE `action_id` = 1 AND `user_id` = 1 AND `create_time` > 1499408297 LIMIT 1   [ RunTime:0.0020s ]
SQL: UPDATE `member` SET `login`=`login`+1,`last_login_time`='1499494697',`last_login_ip`='2130706433' WHERE `uid` = 1 [ RunTime:0.0010s ]

[ 2017-07-08T14:18:19+08:00 ] 127.0.0.1 /admin.php?s=/Index/index.html
INFO: [ app_init ] --START--
INFO: Run Behavior\BuildLiteBehavior [ RunTime:0.000000s ]
INFO: Run Common\Behavior\InitHookBehavior [ RunTime:0.011001s ]
INFO: [ app_init ] --END-- [ RunTime:0.013001s ]
INFO: [ app_begin ] --START--
INFO: Run Behavior\ReadHtmlCacheBehavior [ RunTime:0.003000s ]
INFO: [ app_begin ] --END-- [ RunTime:0.003000s ]

[ 2017-07-08T14:18:23+08:00 ] 127.0.0.1 /admin.php?s=/Article/index.html
INFO: [ app_init ] --START--
INFO: Run Behavior\BuildLiteBehavior [ RunTime:0.000000s ]
INFO: Run Common\Behavior\InitHookBehavior [ RunTime:0.009001s ]
INFO: [ app_init ] --END-- [ RunTime:0.011001s ]
INFO: [ app_begin ] --START--
INFO: Run Behavior\ReadHtmlCacheBehavior [ RunTime:0.002000s ]
INFO: [ app_begin ] --END-- [ RunTime:0.003000s ]

[ 2017-07-08T14:18:43+08:00 ] 127.0.0.1 /admin.php?s=/Config/group.html
INFO: [ app_init ] --START--
INFO: Run Behavior\BuildLiteBehavior [ RunTime:0.000000s ]
INFO: Run Common\Behavior\InitHookBehavior [ RunTime:0.013001s ]
INFO: [ app_init ] --END-- [ RunTime:0.015001s ]
INFO: [ app_begin ] --START--
INFO: Run Behavior\ReadHtmlCacheBehavior [ RunTime:0.003000s ]
INFO: [ app_begin ] --END-- [ RunTime:0.003000s ]

[ 2017-07-08T14:18:46+08:00 ] 127.0.0.1 /admin.php?s=/Category/index.html
INFO: [ app_init ] --START--
INFO: Run Behavior\BuildLiteBehavior [ RunTime:0.000000s ]
INFO: Run Common\Behavior\InitHookBehavior [ RunTime:0.006000s ]
INFO: [ app_init ] --END-- [ RunTime:0.009000s ]
INFO: [ app_begin ] --START--
INFO: Run Behavior\ReadHtmlCacheBehavior [ RunTime:0.003000s ]
INFO: [ app_begin ] --END-- [ RunTime:0.003000s ]

[ 2017-07-08T14:18:49+08:00 ] 127.0.0.1 /admin.php?s=/Category/add.html
INFO: [ app_init ] --START--
INFO: Run Behavior\BuildLiteBehavior [ RunTime:0.000000s ]
INFO: Run Common\Behavior\InitHookBehavior [ RunTime:0.007000s ]
INFO: [ app_init ] --END-- [ RunTime:0.009001s ]
INFO: [ app_begin ] --START--
INFO: Run Behavior\ReadHtmlCacheBehavior [ RunTime:0.002000s ]
INFO: [ app_begin ] --END-- [ RunTime:0.002000s ]

[ 2017-07-08T15:33:08+08:00 ] 127.0.0.1 /admin.php?s=/Category/add.html
INFO: [ app_init ] --START--
INFO: Run Behavior\BuildLiteBehavior [ RunTime:0.000000s ]
INFO: Run Common\Behavior\InitHookBehavior [ RunTime:0.014000s ]
INFO: [ app_init ] --END-- [ RunTime:0.016000s ]
INFO: [ app_begin ] --START--
INFO: Run Behavior\ReadHtmlCacheBehavior [ RunTime:0.003001s ]
INFO: [ app_begin ] --END-- [ RunTime:0.004001s ]

[ 2017-07-08T15:34:23+08:00 ] 127.0.0.1 /admin.php?s=/File/uploadPicture/session_id/2dqom3317deqj8kh8jfv2hut46.html
INFO: [ app_init ] --START--
INFO: Run Behavior\BuildLiteBehavior [ RunTime:0.000000s ]
INFO: Run Common\Behavior\InitHookBehavior [ RunTime:0.011000s ]
INFO: [ app_init ] --END-- [ RunTime:0.013000s ]
INFO: [ app_begin ] --START--
INFO: Run Behavior\ReadHtmlCacheBehavior [ RunTime:0.002000s ]
INFO: [ app_begin ] --END-- [ RunTime:0.003000s ]

[ 2017-07-08T15:34:47+08:00 ] 127.0.0.1 /admin.php?s=/Category/add.html
INFO: [ app_init ] --START--
INFO: Run Behavior\BuildLiteBehavior [ RunTime:0.000000s ]
INFO: Run Common\Behavior\InitHookBehavior [ RunTime:0.016001s ]
INFO: [ app_init ] --END-- [ RunTime:0.019002s ]
INFO: [ app_begin ] --START--
INFO: Run Behavior\ReadHtmlCacheBehavior [ RunTime:0.005001s ]
INFO: [ app_begin ] --END-- [ RunTime:0.005001s ]
SQL: SHOW COLUMNS FROM `category` [ RunTime:0.0140s ]
SQL: SELECT * FROM `category` WHERE `name` = 'estate' LIMIT 1   [ RunTime:0.0020s ]
NOTIC: [2] Missing argument 1 for arr2str() D:\2017PHP\software\onethink\wwwroot\Application\Common\Common\function.php 第 61 行.
NOTIC: [8] Undefined variable: arr D:\2017PHP\software\onethink\wwwroot\Application\Common\Common\function.php 第 62 行.
NOTIC: [2] implode(): Invalid arguments passed D:\2017PHP\software\onethink\wwwroot\Application\Common\Common\function.php 第 62 行.
NOTIC: [2] json_encode() expects at least 1 parameter, 0 given D:\2017PHP\software\onethink\wwwroot\ThinkPHP\Library\Think\Model.class.php 第 1264 行.
SQL: INSERT INTO `category` (`title`,`name`,`groups`,`allow_publish`,`check`,`type`,`model`,`model_sub`,`icon`,`display`,`sort`,`list_row`,`meta_title`,`keywords`,`description`,`template_index`,`template_lists`,`template_detail`,`template_edit`,`id`,`pid`,`create_time`,`update_time`,`status`) VALUES ('物业管理文章','estate','','0','0','2,1,3','2','2','4','1','0','10','','','','','','','','0','0','1499499286','1499499286','1') [ RunTime:0.0020s ]
SQL: SHOW COLUMNS FROM `action` [ RunTime:0.0150s ]
SQL: SELECT * FROM `action` WHERE `name` = 'update_category' LIMIT 1   [ RunTime:0.0020s ]
SQL: SHOW COLUMNS FROM `action_log` [ RunTime:0.0150s ]
SQL: INSERT INTO `action_log` (`action_id`,`user_id`,`action_ip`,`model`,`record_id`,`create_time`,`remark`) VALUES ('11','1','2130706433','category','39','1499499286','操作url：/admin.php?s=/Category/add.html') [ RunTime:0.0010s ]

[ 2017-07-08T15:34:49+08:00 ] 127.0.0.1 /admin.php?s=/Category/index.html
INFO: [ app_init ] --START--
INFO: Run Behavior\BuildLiteBehavior [ RunTime:0.000000s ]
INFO: Run Common\Behavior\InitHookBehavior [ RunTime:0.012000s ]
INFO: [ app_init ] --END-- [ RunTime:0.013001s ]
INFO: [ app_begin ] --START--
INFO: Run Behavior\ReadHtmlCacheBehavior [ RunTime:0.004000s ]
INFO: [ app_begin ] --END-- [ RunTime:0.004000s ]

[ 2017-07-08T15:35:23+08:00 ] 127.0.0.1 /admin.php?s=/Category/add/pid/39.html
INFO: [ app_init ] --START--
INFO: Run Behavior\BuildLiteBehavior [ RunTime:0.000000s ]
INFO: Run Common\Behavior\InitHookBehavior [ RunTime:0.008000s ]
INFO: [ app_init ] --END-- [ RunTime:0.010001s ]
INFO: [ app_begin ] --START--
INFO: Run Behavior\ReadHtmlCacheBehavior [ RunTime:0.002000s ]
INFO: [ app_begin ] --END-- [ RunTime:0.003001s ]

[ 2017-07-08T15:36:13+08:00 ] 127.0.0.1 /admin.php?s=/Category/add.html
INFO: [ app_init ] --START--
INFO: Run Behavior\BuildLiteBehavior [ RunTime:0.000000s ]
INFO: Run Common\Behavior\InitHookBehavior [ RunTime:0.008000s ]
INFO: [ app_init ] --END-- [ RunTime:0.009000s ]
INFO: [ app_begin ] --START--
INFO: Run Behavior\ReadHtmlCacheBehavior [ RunTime:0.002000s ]
INFO: [ app_begin ] --END-- [ RunTime:0.003001s ]
SQL: SHOW COLUMNS FROM `category` [ RunTime:0.0160s ]
SQL: SELECT * FROM `category` WHERE `name` = 'shop' LIMIT 1   [ RunTime:0.0020s ]
NOTIC: [2] Missing argument 1 for arr2str() D:\2017PHP\software\onethink\wwwroot\Application\Common\Common\function.php 第 61 行.
NOTIC: [8] Undefined variable: arr D:\2017PHP\software\onethink\wwwroot\Application\Common\Common\function.php 第 62 行.
NOTIC: [2] implode(): Invalid arguments passed D:\2017PHP\software\onethink\wwwroot\Application\Common\Common\function.php 第 62 行.
NOTIC: [2] json_encode() expects at least 1 parameter, 0 given D:\2017PHP\software\onethink\wwwroot\ThinkPHP\Library\Think\Model.class.php 第 1264 行.
SQL: INSERT INTO `category` (`title`,`name`,`groups`,`allow_publish`,`check`,`type`,`model`,`model_sub`,`icon`,`display`,`sort`,`list_row`,`meta_title`,`keywords`,`description`,`template_index`,`template_lists`,`template_detail`,`template_edit`,`id`,`pid`,`create_time`,`update_time`,`status`) VALUES ('商家活动','shop','','1','0','2,1,3','2','2','0','1','0','10','','','','','','','','0','39','1499499372','1499499372','1') [ RunTime:0.0020s ]
SQL: SHOW COLUMNS FROM `action` [ RunTime:0.0120s ]
SQL: SELECT * FROM `action` WHERE `name` = 'update_category' LIMIT 1   [ RunTime:0.0020s ]
SQL: SHOW COLUMNS FROM `action_log` [ RunTime:0.0180s ]
SQL: INSERT INTO `action_log` (`action_id`,`user_id`,`action_ip`,`model`,`record_id`,`create_time`,`remark`) VALUES ('11','1','2130706433','category','40','1499499372','操作url：/admin.php?s=/Category/add.html') [ RunTime:0.0010s ]

[ 2017-07-08T15:36:15+08:00 ] 127.0.0.1 /admin.php?s=/Category/index.html
INFO: [ app_init ] --START--
INFO: Run Behavior\BuildLiteBehavior [ RunTime:0.000000s ]
INFO: Run Common\Behavior\InitHookBehavior [ RunTime:0.011000s ]
INFO: [ app_init ] --END-- [ RunTime:0.014001s ]
INFO: [ app_begin ] --START--
INFO: Run Behavior\ReadHtmlCacheBehavior [ RunTime:0.004000s ]
INFO: [ app_begin ] --END-- [ RunTime:0.004000s ]

[ 2017-07-08T15:36:31+08:00 ] 127.0.0.1 /admin.php?s=/Category/add/pid/40.html
INFO: [ app_init ] --START--
INFO: Run Behavior\BuildLiteBehavior [ RunTime:0.000000s ]
INFO: Run Common\Behavior\InitHookBehavior [ RunTime:0.008000s ]
INFO: [ app_init ] --END-- [ RunTime:0.009000s ]
INFO: [ app_begin ] --START--
INFO: Run Behavior\ReadHtmlCacheBehavior [ RunTime:0.003001s ]
INFO: [ app_begin ] --END-- [ RunTime:0.003001s ]

[ 2017-07-08T15:36:38+08:00 ] 127.0.0.1 /admin.php?s=/Category/add/pid/39.html
INFO: [ app_init ] --START--
INFO: Run Behavior\BuildLiteBehavior [ RunTime:0.000000s ]
INFO: Run Common\Behavior\InitHookBehavior [ RunTime:0.008001s ]
INFO: [ app_init ] --END-- [ RunTime:0.010001s ]
INFO: [ app_begin ] --START--
INFO: Run Behavior\ReadHtmlCacheBehavior [ RunTime:0.003001s ]
INFO: [ app_begin ] --END-- [ RunTime:0.003001s ]

[ 2017-07-08T15:37:08+08:00 ] 127.0.0.1 /admin.php?s=/Category/add.html
INFO: [ app_init ] --START--
INFO: Run Behavior\BuildLiteBehavior [ RunTime:0.000000s ]
INFO: Run Common\Behavior\InitHookBehavior [ RunTime:0.009001s ]
INFO: [ app_init ] --END-- [ RunTime:0.011001s ]
INFO: [ app_begin ] --START--
INFO: Run Behavior\ReadHtmlCacheBehavior [ RunTime:0.003000s ]
INFO: [ app_begin ] --END-- [ RunTime:0.003000s ]
SQL: SHOW COLUMNS FROM `category` [ RunTime:0.0150s ]
SQL: SELECT * FROM `category` WHERE `name` = 'notice' LIMIT 1   [ RunTime:0.0020s ]
NOTIC: [2] Missing argument 1 for arr2str() D:\2017PHP\software\onethink\wwwroot\Application\Common\Common\function.php 第 61 行.
NOTIC: [8] Undefined variable: arr D:\2017PHP\software\onethink\wwwroot\Application\Common\Common\function.php 第 62 行.
NOTIC: [2] implode(): Invalid arguments passed D:\2017PHP\software\onethink\wwwroot\Application\Common\Common\function.php 第 62 行.
NOTIC: [2] json_encode() expects at least 1 parameter, 0 given D:\2017PHP\software\onethink\wwwroot\ThinkPHP\Library\Think\Model.class.php 第 1264 行.
SQL: INSERT INTO `category` (`title`,`name`,`groups`,`allow_publish`,`check`,`type`,`model`,`model_sub`,`icon`,`display`,`sort`,`list_row`,`meta_title`,`keywords`,`description`,`template_index`,`template_lists`,`template_detail`,`template_edit`,`id`,`pid`,`create_time`,`update_time`,`status`) VALUES ('小区通知','notice','','1','0','2,1,3','2','2','0','1','0','10','','','','','','','','0','39','1499499428','1499499428','1') [ RunTime:0.0010s ]
SQL: SHOW COLUMNS FROM `action` [ RunTime:0.0150s ]
SQL: SELECT * FROM `action` WHERE `name` = 'update_category' LIMIT 1   [ RunTime:0.0010s ]
SQL: SHOW COLUMNS FROM `action_log` [ RunTime:0.0150s ]
SQL: INSERT INTO `action_log` (`action_id`,`user_id`,`action_ip`,`model`,`record_id`,`create_time`,`remark`) VALUES ('11','1','2130706433','category','41','1499499428','操作url：/admin.php?s=/Category/add.html') [ RunTime:0.0020s ]

[ 2017-07-08T15:37:10+08:00 ] 127.0.0.1 /admin.php?s=/Category/index.html
INFO: [ app_init ] --START--
INFO: Run Behavior\BuildLiteBehavior [ RunTime:0.000000s ]
INFO: Run Common\Behavior\InitHookBehavior [ RunTime:0.011000s ]
INFO: [ app_init ] --END-- [ RunTime:0.012000s ]
INFO: [ app_begin ] --START--
INFO: Run Behavior\ReadHtmlCacheBehavior [ RunTime:0.003000s ]
INFO: [ app_begin ] --END-- [ RunTime:0.003000s ]

[ 2017-07-08T15:37:13+08:00 ] 127.0.0.1 /admin.php?s=/Category/add/pid/39.html
INFO: [ app_init ] --START--
INFO: Run Behavior\BuildLiteBehavior [ RunTime:0.000000s ]
INFO: Run Common\Behavior\InitHookBehavior [ RunTime:0.006000s ]
INFO: [ app_init ] --END-- [ RunTime:0.009000s ]
INFO: [ app_begin ] --START--
INFO: Run Behavior\ReadHtmlCacheBehavior [ RunTime:0.003000s ]
INFO: [ app_begin ] --END-- [ RunTime:0.003000s ]

[ 2017-07-08T15:37:38+08:00 ] 127.0.0.1 /admin.php?s=/Category/add.html
INFO: [ app_init ] --START--
INFO: Run Behavior\BuildLiteBehavior [ RunTime:0.000000s ]
INFO: Run Common\Behavior\InitHookBehavior [ RunTime:0.007000s ]
INFO: [ app_init ] --END-- [ RunTime:0.009000s ]
INFO: [ app_begin ] --START--
INFO: Run Behavior\ReadHtmlCacheBehavior [ RunTime:0.002000s ]
INFO: [ app_begin ] --END-- [ RunTime:0.002000s ]
SQL: SHOW COLUMNS FROM `category` [ RunTime:0.0150s ]
SQL: SELECT * FROM `category` WHERE `name` = 'service' LIMIT 1   [ RunTime:0.0020s ]
NOTIC: [2] Missing argument 1 for arr2str() D:\2017PHP\software\onethink\wwwroot\Application\Common\Common\function.php 第 61 行.
NOTIC: [8] Undefined variable: arr D:\2017PHP\software\onethink\wwwroot\Application\Common\Common\function.php 第 62 行.
NOTIC: [2] implode(): Invalid arguments passed D:\2017PHP\software\onethink\wwwroot\Application\Common\Common\function.php 第 62 行.
NOTIC: [2] json_encode() expects at least 1 parameter, 0 given D:\2017PHP\software\onethink\wwwroot\ThinkPHP\Library\Think\Model.class.php 第 1264 行.
SQL: INSERT INTO `category` (`title`,`name`,`groups`,`allow_publish`,`check`,`type`,`model`,`model_sub`,`icon`,`display`,`sort`,`list_row`,`meta_title`,`keywords`,`description`,`template_index`,`template_lists`,`template_detail`,`template_edit`,`id`,`pid`,`create_time`,`update_time`,`status`) VALUES ('便民服务','service','','1','0','2,1,3','2','2','0','1','0','10','','','','','','','','0','39','1499499458','1499499458','1') [ RunTime:0.0010s ]
SQL: SHOW COLUMNS FROM `action` [ RunTime:0.0120s ]
SQL: SELECT * FROM `action` WHERE `name` = 'update_category' LIMIT 1   [ RunTime:0.0010s ]
SQL: SHOW COLUMNS FROM `action_log` [ RunTime:0.0140s ]
SQL: INSERT INTO `action_log` (`action_id`,`user_id`,`action_ip`,`model`,`record_id`,`create_time`,`remark`) VALUES ('11','1','2130706433','category','42','1499499458','操作url：/admin.php?s=/Category/add.html') [ RunTime:0.0010s ]

[ 2017-07-08T15:37:40+08:00 ] 127.0.0.1 /admin.php?s=/Category/index.html
INFO: [ app_init ] --START--
INFO: Run Behavior\BuildLiteBehavior [ RunTime:0.000000s ]
INFO: Run Common\Behavior\InitHookBehavior [ RunTime:0.011000s ]
INFO: [ app_init ] --END-- [ RunTime:0.013000s ]
INFO: [ app_begin ] --START--
INFO: Run Behavior\ReadHtmlCacheBehavior [ RunTime:0.003000s ]
INFO: [ app_begin ] --END-- [ RunTime:0.003000s ]

[ 2017-07-08T15:37:43+08:00 ] 127.0.0.1 /admin.php?s=/Category/add/pid/39.html
INFO: [ app_init ] --START--
INFO: Run Behavior\BuildLiteBehavior [ RunTime:0.000000s ]
INFO: Run Common\Behavior\InitHookBehavior [ RunTime:0.007000s ]
INFO: [ app_init ] --END-- [ RunTime:0.009000s ]
INFO: [ app_begin ] --START--
INFO: Run Behavior\ReadHtmlCacheBehavior [ RunTime:0.003001s ]
INFO: [ app_begin ] --END-- [ RunTime:0.003001s ]

[ 2017-07-08T15:38:15+08:00 ] 127.0.0.1 /admin.php?s=/Category/add.html
INFO: [ app_init ] --START--
INFO: Run Behavior\BuildLiteBehavior [ RunTime:0.000000s ]
INFO: Run Common\Behavior\InitHookBehavior [ RunTime:0.006000s ]
INFO: [ app_init ] --END-- [ RunTime:0.010001s ]
INFO: [ app_begin ] --START--
INFO: Run Behavior\ReadHtmlCacheBehavior [ RunTime:0.003001s ]
INFO: [ app_begin ] --END-- [ RunTime:0.003001s ]
SQL: SHOW COLUMNS FROM `category` [ RunTime:0.0140s ]
SQL: SELECT * FROM `category` WHERE `name` = 'activity' LIMIT 1   [ RunTime:0.0020s ]
NOTIC: [2] Missing argument 1 for arr2str() D:\2017PHP\software\onethink\wwwroot\Application\Common\Common\function.php 第 61 行.
NOTIC: [8] Undefined variable: arr D:\2017PHP\software\onethink\wwwroot\Application\Common\Common\function.php 第 62 行.
NOTIC: [2] implode(): Invalid arguments passed D:\2017PHP\software\onethink\wwwroot\Application\Common\Common\function.php 第 62 行.
NOTIC: [2] json_encode() expects at least 1 parameter, 0 given D:\2017PHP\software\onethink\wwwroot\ThinkPHP\Library\Think\Model.class.php 第 1264 行.
SQL: INSERT INTO `category` (`title`,`name`,`groups`,`allow_publish`,`check`,`type`,`model`,`model_sub`,`icon`,`display`,`sort`,`list_row`,`meta_title`,`keywords`,`description`,`template_index`,`template_lists`,`template_detail`,`template_edit`,`id`,`pid`,`create_time`,`update_time`,`status`) VALUES ('小区活动','activity','','1','0','2,1,3','2','2','0','1','0','10','','','','','','','','0','39','1499499495','1499499495','1') [ RunTime:0.0010s ]
SQL: SHOW COLUMNS FROM `action` [ RunTime:0.0140s ]
SQL: SELECT * FROM `action` WHERE `name` = 'update_category' LIMIT 1   [ RunTime:0.0010s ]
SQL: SHOW COLUMNS FROM `action_log` [ RunTime:0.0130s ]
SQL: INSERT INTO `action_log` (`action_id`,`user_id`,`action_ip`,`model`,`record_id`,`create_time`,`remark`) VALUES ('11','1','2130706433','category','43','1499499495','操作url：/admin.php?s=/Category/add.html') [ RunTime:0.0010s ]

[ 2017-07-08T15:38:17+08:00 ] 127.0.0.1 /admin.php?s=/Category/index.html
INFO: [ app_init ] --START--
INFO: Run Behavior\BuildLiteBehavior [ RunTime:0.000000s ]
INFO: Run Common\Behavior\InitHookBehavior [ RunTime:0.009000s ]
INFO: [ app_init ] --END-- [ RunTime:0.012000s ]
INFO: [ app_begin ] --START--
INFO: Run Behavior\ReadHtmlCacheBehavior [ RunTime:0.002000s ]
INFO: [ app_begin ] --END-- [ RunTime:0.002000s ]

[ 2017-07-08T15:38:30+08:00 ] 127.0.0.1 /admin.php?s=/Category/add/pid/39.html
INFO: [ app_init ] --START--
INFO: Run Behavior\BuildLiteBehavior [ RunTime:0.000000s ]
INFO: Run Common\Behavior\InitHookBehavior [ RunTime:0.007000s ]
INFO: [ app_init ] --END-- [ RunTime:0.010000s ]
INFO: [ app_begin ] --START--
INFO: Run Behavior\ReadHtmlCacheBehavior [ RunTime:0.002000s ]
INFO: [ app_begin ] --END-- [ RunTime:0.002000s ]

[ 2017-07-08T15:39:10+08:00 ] 127.0.0.1 /admin.php?s=/File/uploadPicture/session_id/2dqom3317deqj8kh8jfv2hut46.html
INFO: [ app_init ] --START--
INFO: Run Behavior\BuildLiteBehavior [ RunTime:0.000000s ]
INFO: Run Common\Behavior\InitHookBehavior [ RunTime:0.007000s ]
INFO: [ app_init ] --END-- [ RunTime:0.008000s ]
INFO: [ app_begin ] --START--
INFO: Run Behavior\ReadHtmlCacheBehavior [ RunTime:0.003000s ]
INFO: [ app_begin ] --END-- [ RunTime:0.004000s ]

[ 2017-07-08T15:39:12+08:00 ] 127.0.0.1 /admin.php?s=/Category/add.html
INFO: [ app_init ] --START--
INFO: Run Behavior\BuildLiteBehavior [ RunTime:0.001000s ]
INFO: Run Common\Behavior\InitHookBehavior [ RunTime:0.030001s ]
INFO: [ app_init ] --END-- [ RunTime:0.034002s ]
INFO: [ app_begin ] --START--
INFO: Run Behavior\ReadHtmlCacheBehavior [ RunTime:0.015001s ]
INFO: [ app_begin ] --END-- [ RunTime:0.015001s ]
SQL: SHOW COLUMNS FROM `category` [ RunTime:0.0150s ]
SQL: SELECT * FROM `category` WHERE `name` = 'repair' LIMIT 1   [ RunTime:0.0020s ]
NOTIC: [2] Missing argument 1 for arr2str() D:\2017PHP\software\onethink\wwwroot\Application\Common\Common\function.php 第 61 行.
NOTIC: [8] Undefined variable: arr D:\2017PHP\software\onethink\wwwroot\Application\Common\Common\function.php 第 62 行.
NOTIC: [2] implode(): Invalid arguments passed D:\2017PHP\software\onethink\wwwroot\Application\Common\Common\function.php 第 62 行.
NOTIC: [2] json_encode() expects at least 1 parameter, 0 given D:\2017PHP\software\onethink\wwwroot\ThinkPHP\Library\Think\Model.class.php 第 1264 行.
SQL: INSERT INTO `category` (`title`,`name`,`groups`,`allow_publish`,`check`,`type`,`model`,`model_sub`,`icon`,`display`,`sort`,`list_row`,`meta_title`,`keywords`,`description`,`template_index`,`template_lists`,`template_detail`,`template_edit`,`id`,`pid`,`create_time`,`update_time`,`status`) VALUES ('在线保修','repair','','1','0','2,1,3','2,3','2,3','1','1','0','10','','','','','','','','0','39','1499499552','1499499552','1') [ RunTime:0.0020s ]
SQL: SHOW COLUMNS FROM `action` [ RunTime:0.0150s ]
SQL: SELECT * FROM `action` WHERE `name` = 'update_category' LIMIT 1   [ RunTime:0.0010s ]
SQL: SHOW COLUMNS FROM `action_log` [ RunTime:0.0150s ]
SQL: INSERT INTO `action_log` (`action_id`,`user_id`,`action_ip`,`model`,`record_id`,`create_time`,`remark`) VALUES ('11','1','2130706433','category','44','1499499552','操作url：/admin.php?s=/Category/add.html') [ RunTime:0.0010s ]

[ 2017-07-08T15:39:14+08:00 ] 127.0.0.1 /admin.php?s=/Category/index.html
INFO: [ app_init ] --START--
INFO: Run Behavior\BuildLiteBehavior [ RunTime:0.000000s ]
INFO: Run Common\Behavior\InitHookBehavior [ RunTime:0.014001s ]
INFO: [ app_init ] --END-- [ RunTime:0.016001s ]
INFO: [ app_begin ] --START--
INFO: Run Behavior\ReadHtmlCacheBehavior [ RunTime:0.003000s ]
INFO: [ app_begin ] --END-- [ RunTime:0.003000s ]

[ 2017-07-08T15:39:17+08:00 ] 127.0.0.1 /admin.php?s=/Category/add/pid/39.html
INFO: [ app_init ] --START--
INFO: Run Behavior\BuildLiteBehavior [ RunTime:0.000000s ]
INFO: Run Common\Behavior\InitHookBehavior [ RunTime:0.008000s ]
INFO: [ app_init ] --END-- [ RunTime:0.010000s ]
INFO: [ app_begin ] --START--
INFO: Run Behavior\ReadHtmlCacheBehavior [ RunTime:0.002000s ]
INFO: [ app_begin ] --END-- [ RunTime:0.003000s ]

[ 2017-07-08T15:41:16+08:00 ] 127.0.0.1 /admin.php?s=/File/uploadPicture/session_id/2dqom3317deqj8kh8jfv2hut46.html
INFO: [ app_init ] --START--
INFO: Run Behavior\BuildLiteBehavior [ RunTime:0.000000s ]
INFO: Run Common\Behavior\InitHookBehavior [ RunTime:0.013001s ]
INFO: [ app_init ] --END-- [ RunTime:0.020002s ]
INFO: [ app_begin ] --START--
INFO: Run Behavior\ReadHtmlCacheBehavior [ RunTime:0.004001s ]
INFO: [ app_begin ] --END-- [ RunTime:0.004001s ]

[ 2017-07-08T15:41:19+08:00 ] 127.0.0.1 /admin.php?s=/Category/add.html
INFO: [ app_init ] --START--
INFO: Run Behavior\BuildLiteBehavior [ RunTime:0.000000s ]
INFO: Run Common\Behavior\InitHookBehavior [ RunTime:0.007000s ]
INFO: [ app_init ] --END-- [ RunTime:0.008000s ]
INFO: [ app_begin ] --START--
INFO: Run Behavior\ReadHtmlCacheBehavior [ RunTime:0.002000s ]
INFO: [ app_begin ] --END-- [ RunTime:0.003001s ]
SQL: SHOW COLUMNS FROM `category` [ RunTime:0.0160s ]
SQL: SELECT * FROM `category` WHERE `name` = 'rentout' LIMIT 1   [ RunTime:0.0010s ]
NOTIC: [2] Missing argument 1 for arr2str() D:\2017PHP\software\onethink\wwwroot\Application\Common\Common\function.php 第 61 行.
NOTIC: [8] Undefined variable: arr D:\2017PHP\software\onethink\wwwroot\Application\Common\Common\function.php 第 62 行.
NOTIC: [2] implode(): Invalid arguments passed D:\2017PHP\software\onethink\wwwroot\Application\Common\Common\function.php 第 62 行.
NOTIC: [2] json_encode() expects at least 1 parameter, 0 given D:\2017PHP\software\onethink\wwwroot\ThinkPHP\Library\Think\Model.class.php 第 1264 行.
SQL: INSERT INTO `category` (`title`,`name`,`groups`,`allow_publish`,`check`,`type`,`model`,`model_sub`,`icon`,`display`,`sort`,`list_row`,`meta_title`,`keywords`,`description`,`template_index`,`template_lists`,`template_detail`,`template_edit`,`id`,`pid`,`create_time`,`update_time`,`status`) VALUES ('小区租售','rentout','3','1','0','2,1,3','2,3','2,3','5','1','0','10','','','','','','','','0','39','1499499678','1499499678','1') [ RunTime:0.0020s ]
SQL: SHOW COLUMNS FROM `action` [ RunTime:0.0160s ]
SQL: SELECT * FROM `action` WHERE `name` = 'update_category' LIMIT 1   [ RunTime:0.0010s ]
SQL: SHOW COLUMNS FROM `action_log` [ RunTime:0.0350s ]
SQL: INSERT INTO `action_log` (`action_id`,`user_id`,`action_ip`,`model`,`record_id`,`create_time`,`remark`) VALUES ('11','1','2130706433','category','45','1499499678','操作url：/admin.php?s=/Category/add.html') [ RunTime:0.0020s ]

[ 2017-07-08T15:41:21+08:00 ] 127.0.0.1 /admin.php?s=/Category/index.html
INFO: [ app_init ] --START--
INFO: Run Behavior\BuildLiteBehavior [ RunTime:0.001000s ]
INFO: Run Common\Behavior\InitHookBehavior [ RunTime:0.009000s ]
INFO: [ app_init ] --END-- [ RunTime:0.012000s ]
INFO: [ app_begin ] --START--
INFO: Run Behavior\ReadHtmlCacheBehavior [ RunTime:0.002000s ]
INFO: [ app_begin ] --END-- [ RunTime:0.003000s ]

[ 2017-07-08T15:41:24+08:00 ] 127.0.0.1 /admin.php?s=/Article/index.html
INFO: [ app_init ] --START--
INFO: Run Behavior\BuildLiteBehavior [ RunTime:0.000000s ]
INFO: Run Common\Behavior\InitHookBehavior [ RunTime:0.008000s ]
INFO: [ app_init ] --END-- [ RunTime:0.009000s ]
INFO: [ app_begin ] --START--
INFO: Run Behavior\ReadHtmlCacheBehavior [ RunTime:0.003000s ]
INFO: [ app_begin ] --END-- [ RunTime:0.003000s ]

[ 2017-07-08T15:41:28+08:00 ] 127.0.0.1 /admin.php?s=/Article/index/cate_id/40.html
INFO: [ app_init ] --START--
INFO: Run Behavior\BuildLiteBehavior [ RunTime:0.000000s ]
INFO: Run Common\Behavior\InitHookBehavior [ RunTime:0.007001s ]
INFO: [ app_init ] --END-- [ RunTime:0.009001s ]
INFO: [ app_begin ] --START--
INFO: Run Behavior\ReadHtmlCacheBehavior [ RunTime:0.002000s ]
INFO: [ app_begin ] --END-- [ RunTime:0.002000s ]

[ 2017-07-08T15:41:41+08:00 ] 127.0.0.1 /admin.php?s=/Article/index/cate_id/44.html
INFO: [ app_init ] --START--
INFO: Run Behavior\BuildLiteBehavior [ RunTime:0.000000s ]
INFO: Run Common\Behavior\InitHookBehavior [ RunTime:0.006000s ]
INFO: [ app_init ] --END-- [ RunTime:0.008000s ]
INFO: [ app_begin ] --START--
INFO: Run Behavior\ReadHtmlCacheBehavior [ RunTime:0.002000s ]
INFO: [ app_begin ] --END-- [ RunTime:0.002000s ]

[ 2017-07-08T15:41:45+08:00 ] 127.0.0.1 /admin.php?s=/Article/index/cate_id/43.html
INFO: [ app_init ] --START--
INFO: Run Behavior\BuildLiteBehavior [ RunTime:0.000000s ]
INFO: Run Common\Behavior\InitHookBehavior [ RunTime:0.007000s ]
INFO: [ app_init ] --END-- [ RunTime:0.008000s ]
INFO: [ app_begin ] --START--
INFO: Run Behavior\ReadHtmlCacheBehavior [ RunTime:0.003000s ]
INFO: [ app_begin ] --END-- [ RunTime:0.003000s ]

[ 2017-07-08T15:41:47+08:00 ] 127.0.0.1 /admin.php?s=/Article/index/cate_id/45.html
INFO: [ app_init ] --START--
INFO: Run Behavior\BuildLiteBehavior [ RunTime:0.000000s ]
INFO: Run Common\Behavior\InitHookBehavior [ RunTime:0.011001s ]
INFO: [ app_init ] --END-- [ RunTime:0.013001s ]
INFO: [ app_begin ] --START--
INFO: Run Behavior\ReadHtmlCacheBehavior [ RunTime:0.002001s ]
INFO: [ app_begin ] --END-- [ RunTime:0.002001s ]

